<?xml version="1.0" encoding="UTF-8"?>
<!-- Generated by org.testng.reporters.JUnitXMLReporter -->
<testsuite ignored="0" hostname="DESKTOP-37ELDCU" failures="4" tests="5" name="OrangeHRMLogin" time="29.219" errors="0" timestamp="2023-03-29T13:25:19 IST">
  <testcase classname="com.hyr.tests.OrangeHRM" name="alaunchapp" time="28.949"/>
  <testcase classname="com.hyr.tests.OrangeHRM" name="bEnterLoginDetails" time="0.006">
    <failure type="java.lang.NullPointerException" message="Cannot invoke &amp;quot;org.openqa.selenium.WebDriver.findElement(org.openqa.selenium.By)&amp;quot; because &amp;quot;this.driver&amp;quot; is null">
      <![CDATA[java.lang.NullPointerException: Cannot invoke "org.openqa.selenium.WebDriver.findElement(org.openqa.selenium.By)" because "this.driver" is null
at com.hyr.tests.OrangeHRM.bEnterLoginDetails(OrangeHRM.java:26)
at java.base/java.util.ArrayList.forEach(ArrayList.java:1511)
... Removed 27 stack frames]]>
    </failure>
  </testcase> <!-- bEnterLoginDetails -->
  <testcase classname="com.hyr.tests.OrangeHRM" name="cNavigateToMyInfo" time="0.003">
    <failure type="java.lang.NullPointerException" message="Cannot invoke &amp;quot;org.openqa.selenium.WebDriver.findElement(org.openqa.selenium.By)&amp;quot; because &amp;quot;this.driver&amp;quot; is null">
      <![CDATA[java.lang.NullPointerException: Cannot invoke "org.openqa.selenium.WebDriver.findElement(org.openqa.selenium.By)" because "this.driver" is null
at com.hyr.tests.OrangeHRM.cNavigateToMyInfo(OrangeHRM.java:33)
at java.base/java.util.ArrayList.forEach(ArrayList.java:1511)
... Removed 27 stack frames]]>
    </failure>
  </testcase> <!-- cNavigateToMyInfo -->
  <testcase classname="com.hyr.tests.OrangeHRM" name="dVerifyMyInfo" time="0.008">
    <failure type="java.lang.NullPointerException" message="Cannot invoke &amp;quot;org.openqa.selenium.WebDriver.findElement(org.openqa.selenium.By)&amp;quot; because &amp;quot;this.driver&amp;quot; is null">
      <![CDATA[java.lang.NullPointerException: Cannot invoke "org.openqa.selenium.WebDriver.findElement(org.openqa.selenium.By)" because "this.driver" is null
at com.hyr.tests.OrangeHRM.dVerifyMyInfo(OrangeHRM.java:38)
at java.base/java.util.ArrayList.forEach(ArrayList.java:1511)
... Removed 27 stack frames]]>
    </failure>
  </testcase> <!-- dVerifyMyInfo -->
  <testcase classname="com.hyr.tests.OrangeHRM" name="eVerifyLogin" time="0.002">
    <failure type="java.lang.NullPointerException" message="Cannot invoke &amp;quot;org.openqa.selenium.WebDriver.findElement(org.openqa.selenium.By)&amp;quot; because &amp;quot;this.driver&amp;quot; is null">
      <![CDATA[java.lang.NullPointerException: Cannot invoke "org.openqa.selenium.WebDriver.findElement(org.openqa.selenium.By)" because "this.driver" is null
at com.hyr.tests.OrangeHRM.eVerifyLogin(OrangeHRM.java:44)
at java.base/java.util.ArrayList.forEach(ArrayList.java:1511)
... Removed 27 stack frames]]>
    </failure>
  </testcase> <!-- eVerifyLogin -->
</testsuite> <!-- OrangeHRMLogin -->
